


ARM Macro Assembler    Page 1 


    1 00000000         ;/******************************************************
                       ***********************
    2 00000000         ; * @file:    startup_MDR32F9x.s
    3 00000000         ; * @purpose: CMSIS Cortex-M3 Core Device Startup File f
                       or the
    4 00000000         ; *           Milandr MDR32F9x device series
    5 00000000         ; * @version: V1.0.1
    6 00000000         ; * @date:    10/28/2011
    7 00000000         ; ******************************************************
                       ***********************
    8 00000000         ; * @copy
    9 00000000         ; *
   10 00000000         ; * THE PRESENT FIRMWARE WHICH IS FOR GUIDANCE ONLY AIMS
                        AT PROVIDING CUSTOMERS
   11 00000000         ; * WITH CODING INFORMATION REGARDING THEIR PRODUCTS IN 
                       ORDER FOR THEM TO SAVE
   12 00000000         ; * TIME. AS A RESULT, PHYTON SHALL NOT BE HELD LIABLE F
                       OR ANY DIRECT, INDIRECT
   13 00000000         ; * OR CONSEQUENTIAL DAMAGES WITH RESPECT TO ANY CLAIMS 
                       ARISING
   14 00000000         ; * FROM THE CONTENT OF SUCH FIRMWARE AND/OR THE USE MAD
                       E BY CUSTOMERS OF THE
   15 00000000         ; * CODING INFORMATION CONTAINED HEREIN IN CONNECTION WI
                       TH THEIR PRODUCTS.
   16 00000000         ; *
   17 00000000         ; * <h2><center>&copy; COPYRIGHT 2011 Phyton</center></h
                       2>
   18 00000000         ; ******************************************************
                       ************************
   19 00000000         ; * FILE startup_MDR32F9x.s
   20 00000000         ; */
   21 00000000         
   22 00000000         ; *------- <<< Use Configuration Wizard in Context Menu 
                       >>> ------------------
   23 00000000         
   24 00000000         ; Amount of memory (in bytes) allocated for Stack
   25 00000000         ; Tailor this value to your application needs
   26 00000000         ; <h> Stack Configuration
   27 00000000         ;   <o> Stack Size (in Bytes) <0x0-0xFFFFFFFF:8>
   28 00000000         ; </h>
   29 00000000         
   30 00000000 00000400 
                       Stack_Size
                               EQU              0x00000400
   31 00000000         
   32 00000000                 AREA             STACK, NOINIT, READWRITE, ALIGN
=3
   33 00000000         Stack_Mem
                               SPACE            Stack_Size
   34 00000400         __initial_sp
   35 00000400         
   36 00000400         
   37 00000400         ; <h> Heap Configuration
   38 00000400         ;   <o>  Heap Size (in Bytes) <0x0-0xFFFFFFFF:8>
   39 00000400         ; </h>
   40 00000400         
   41 00000400 00000200 
                       Heap_Size
                               EQU              0x00000200



ARM Macro Assembler    Page 2 


   42 00000400         
   43 00000400                 AREA             HEAP, NOINIT, READWRITE, ALIGN=
3
   44 00000000         __heap_base
   45 00000000         Heap_Mem
                               SPACE            Heap_Size
   46 00000200         __heap_limit
   47 00000200         
   48 00000200                 PRESERVE8
   49 00000200                 THUMB
   50 00000200         
   51 00000200         
   52 00000200         ; Vector Table Mapped to Address 0 at Reset
   53 00000200                 AREA             RESET, DATA, READONLY
   54 00000000                 EXPORT           __Vectors
   55 00000000                 EXPORT           __Vectors_End
   56 00000000                 EXPORT           __Vectors_Size
   57 00000000         
   58 00000000 00000000 
                       __Vectors
                               DCD              __initial_sp ; Top of Stack
   59 00000004 00000000        DCD              Reset_Handler ; Reset Handler
   60 00000008 00000000        DCD              NMI_Handler ; NMI Handler
   61 0000000C 00000000        DCD              HardFault_Handler ; Hard Fault 
                                                            Handler
   62 00000010 00000000        DCD              MemManage_Handler 
                                                            ; MPU Fault Handler
                                                            
   63 00000014 00000000        DCD              BusFault_Handler 
                                                            ; Bus Fault Handler
                                                            
   64 00000018 00000000        DCD              UsageFault_Handler ; Usage Faul
                                                            t Handler
   65 0000001C 00000000        DCD              0           ; Reserved
   66 00000020 00000000        DCD              0           ; Reserved
   67 00000024 00000000        DCD              0           ; Reserved
   68 00000028 00000000        DCD              0           ; Reserved
   69 0000002C 00000000        DCD              SVC_Handler ; SVCall Handler
   70 00000030 00000000        DCD              DebugMon_Handler ; Debug Monito
                                                            r Handler
   71 00000034 00000000        DCD              0           ; Reserved
   72 00000038 00000000        DCD              PendSV_Handler ; PendSV Handler
                                                            
   73 0000003C 00000000        DCD              SysTick_Handler 
                                                            ; SysTick Handler
   74 00000040         
   75 00000040         ; External Interrupts
   76 00000040 00000000        DCD              CAN1_IRQHandler ; IRQ0
   77 00000044 00000000        DCD              CAN2_IRQHandler ; IRQ1
   78 00000048 00000000        DCD              USB_IRQHandler ; IRQ2
   79 0000004C 00000000        DCD              0           ; IRQ3  reserved
   80 00000050 00000000        DCD              0           ; IRQ4  reserved
   81 00000054 00000000        DCD              DMA_IRQHandler ; IRQ5
   82 00000058 00000000        DCD              UART1_IRQHandler ; IRQ6
   83 0000005C 00000000        DCD              UART2_IRQHandler ; IRQ7
   84 00000060 00000000        DCD              SSP1_IRQHandler ; IRQ8
   85 00000064 00000000        DCD              0           ; IRQ9  reserved
   86 00000068 00000000        DCD              I2C_IRQHandler ; IRQ10
   87 0000006C 00000000        DCD              POWER_IRQHandler ; IRQ11



ARM Macro Assembler    Page 3 


   88 00000070 00000000        DCD              WWDG_IRQHandler ; IRQ12
   89 00000074 00000000        DCD              0           ; IRQ13 reserved
   90 00000078 00000000        DCD              Timer1_IRQHandler ; IRQ14
   91 0000007C 00000000        DCD              Timer2_IRQHandler ; IRQ15
   92 00000080 00000000        DCD              Timer3_IRQHandler ; IRQ16
   93 00000084 00000000        DCD              ADC_IRQHandler ; IRQ17
   94 00000088 00000000        DCD              0           ; IRQ18 reserved
   95 0000008C 00000000        DCD              COMPARATOR_IRQHandler ; IRQ19
   96 00000090 00000000        DCD              SSP2_IRQHandler ; IRQ20
   97 00000094 00000000        DCD              0           ; IRQ21 reserved
   98 00000098 00000000        DCD              0           ; IRQ22 reserved
   99 0000009C 00000000        DCD              0           ; IRQ23 reserved
  100 000000A0 00000000        DCD              0           ; IRQ24 reserved
  101 000000A4 00000000        DCD              0           ; IRQ25 reserved
  102 000000A8 00000000        DCD              0           ; IRQ26 reserved
  103 000000AC 00000000        DCD              BACKUP_IRQHandler ; IRQ27
  104 000000B0 00000000        DCD              EXT_INT1_IRQHandler ; IRQ28
  105 000000B4 00000000        DCD              EXT_INT2_IRQHandler ; IRQ29
  106 000000B8 00000000        DCD              EXT_INT3_IRQHandler ; IRQ30
  107 000000BC 00000000        DCD              EXT_INT4_IRQHandler ; IRQ31
  108 000000C0         __Vectors_End
  109 000000C0         
  110 000000C0 000000C0 
                       __Vectors_Size
                               EQU              __Vectors_End - __Vectors
  111 000000C0         
  112 000000C0                 AREA             |.text|, CODE, READONLY
  113 00000000         
  114 00000000         ; Reset handler
  115 00000000         Reset_Handler
                               PROC
  116 00000000                 EXPORT           Reset_Handler             [WEAK
]
  117 00000000                 IMPORT           SystemInit
  118 00000000                 IMPORT           __main
  119 00000000 4809            LDR              R0, =SystemInit
  120 00000002 4780            BLX              R0
  121 00000004 4809            LDR              R0, =__main
  122 00000006 4700            BX               R0
  123 00000008                 ENDP
  124 00000008         
  125 00000008         ; Dummy Exception Handlers (infinite loops which can be 
                       modified)
  126 00000008         
  127 00000008         NMI_Handler
                               PROC
  128 00000008                 EXPORT           NMI_Handler                [WEA
K]
  129 00000008 E7FE            B                .
  130 0000000A                 ENDP
  132 0000000A         HardFault_Handler
                               PROC
  133 0000000A                 EXPORT           HardFault_Handler          [WEA
K]
  134 0000000A E7FE            B                .
  135 0000000C                 ENDP
  137 0000000C         MemManage_Handler
                               PROC
  138 0000000C                 EXPORT           MemManage_Handler          [WEA



ARM Macro Assembler    Page 4 


K]
  139 0000000C E7FE            B                .
  140 0000000E                 ENDP
  142 0000000E         BusFault_Handler
                               PROC
  143 0000000E                 EXPORT           BusFault_Handler           [WEA
K]
  144 0000000E E7FE            B                .
  145 00000010                 ENDP
  147 00000010         UsageFault_Handler
                               PROC
  148 00000010                 EXPORT           UsageFault_Handler         [WEA
K]
  149 00000010 E7FE            B                .
  150 00000012                 ENDP
  151 00000012         SVC_Handler
                               PROC
  152 00000012                 EXPORT           SVC_Handler                [WEA
K]
  153 00000012 E7FE            B                .
  154 00000014                 ENDP
  156 00000014         DebugMon_Handler
                               PROC
  157 00000014                 EXPORT           DebugMon_Handler           [WEA
K]
  158 00000014 E7FE            B                .
  159 00000016                 ENDP
  160 00000016         PendSV_Handler
                               PROC
  161 00000016                 EXPORT           PendSV_Handler             [WEA
K]
  162 00000016 E7FE            B                .
  163 00000018                 ENDP
  164 00000018         SysTick_Handler
                               PROC
  165 00000018                 EXPORT           SysTick_Handler            [WEA
K]
  166 00000018 E7FE            B                .
  167 0000001A                 ENDP
  168 0000001A         
  169 0000001A         Default_Handler
                               PROC
  170 0000001A         
  171 0000001A         
  172 0000001A                 EXPORT           CAN1_IRQHandler            [WEA
K]
  173 0000001A                 EXPORT           CAN2_IRQHandler            [WEA
K]
  174 0000001A                 EXPORT           USB_IRQHandler             [WEA
K]
  175 0000001A                 EXPORT           DMA_IRQHandler             [WEA
K]
  176 0000001A                 EXPORT           UART1_IRQHandler           [WEA
K]
  177 0000001A                 EXPORT           UART2_IRQHandler           [WEA
K]
  178 0000001A                 EXPORT           SSP1_IRQHandler            [WEA
K]
  179 0000001A                 EXPORT           I2C_IRQHandler             [WEA



ARM Macro Assembler    Page 5 


K]
  180 0000001A                 EXPORT           POWER_IRQHandler           [WEA
K]
  181 0000001A                 EXPORT           WWDG_IRQHandler            [WEA
K]
  182 0000001A                 EXPORT           Timer1_IRQHandler          [WEA
K]
  183 0000001A                 EXPORT           Timer2_IRQHandler          [WEA
K]
  184 0000001A                 EXPORT           Timer3_IRQHandler          [WEA
K]
  185 0000001A                 EXPORT           ADC_IRQHandler             [WEA
K]
  186 0000001A                 EXPORT           COMPARATOR_IRQHandler      [WEA
K]
  187 0000001A                 EXPORT           SSP2_IRQHandler            [WEA
K]
  188 0000001A                 EXPORT           BACKUP_IRQHandler          [WEA
K]
  189 0000001A                 EXPORT           EXT_INT1_IRQHandler        [WEA
K]
  190 0000001A                 EXPORT           EXT_INT2_IRQHandler        [WEA
K]
  191 0000001A                 EXPORT           EXT_INT3_IRQHandler        [WEA
K]
  192 0000001A                 EXPORT           EXT_INT4_IRQHandler        [WEA
K]
  193 0000001A         
  194 0000001A         CAN1_IRQHandler
  195 0000001A         CAN2_IRQHandler
  196 0000001A         USB_IRQHandler
  197 0000001A         DMA_IRQHandler
  198 0000001A         UART1_IRQHandler
  199 0000001A         UART2_IRQHandler
  200 0000001A         SSP1_IRQHandler
  201 0000001A         I2C_IRQHandler
  202 0000001A         POWER_IRQHandler
  203 0000001A         WWDG_IRQHandler
  204 0000001A         Timer1_IRQHandler
  205 0000001A         Timer2_IRQHandler
  206 0000001A         Timer3_IRQHandler
  207 0000001A         ADC_IRQHandler
  208 0000001A         COMPARATOR_IRQHandler
  209 0000001A         SSP2_IRQHandler
  210 0000001A         BACKUP_IRQHandler
  211 0000001A         EXT_INT1_IRQHandler
  212 0000001A         EXT_INT2_IRQHandler
  213 0000001A         EXT_INT3_IRQHandler
  214 0000001A         EXT_INT4_IRQHandler
  215 0000001A         
  216 0000001A E7FE            B                .
  217 0000001C         
  218 0000001C                 ENDP
  219 0000001C         
  220 0000001C                 ALIGN
  221 0000001C         
  222 0000001C         ;*******************************************************
                       ************************
  223 0000001C         ; User Stack and Heap initialization



ARM Macro Assembler    Page 6 


  224 0000001C         ;*******************************************************
                       ************************
  225 0000001C                 IF               :DEF:__MICROLIB
  232 0000001C         
  233 0000001C                 IMPORT           __use_two_region_memory
  234 0000001C                 EXPORT           __user_initial_stackheap
  235 0000001C         
  236 0000001C         __user_initial_stackheap
  237 0000001C         
  238 0000001C 4804            LDR              R0, =  Heap_Mem
  239 0000001E 4905            LDR              R1, =(Stack_Mem + Stack_Size)
  240 00000020 4A05            LDR              R2, = (Heap_Mem +  Heap_Size)
  241 00000022 4B06            LDR              R3, = Stack_Mem
  242 00000024 4770            BX               LR
  243 00000026         
  244 00000026 00 00           ALIGN
  245 00000028         
  246 00000028                 ENDIF
  247 00000028         
  248 00000028                 END
              00000000 
              00000000 
              00000000 
              00000400 
              00000200 
              00000000 
Command Line: --debug --xref --cpu=Cortex-M3 --apcs=interwork --depend=.\startu
p_mdr32f9x.d -o.\startup_mdr32f9x.o -IC:\Keil\ARM\RV31\INC -IC:\Keil\ARM\CMSIS\
Include -IC:\Keil\ARM\Inc\Milandr\MDR32F9x --predefine="__EVAL SETA 1" --list=.
\startup_mdr32f9x.lst startup_MDR32F9x.s



ARM Macro Assembler    Page 1 Alphabetic symbol ordering
Relocatable symbols

STACK 00000000

Symbol: STACK
   Definitions
      At line 32 in file startup_MDR32F9x.s
   Uses
      None
Comment: STACK unused
Stack_Mem 00000000

Symbol: Stack_Mem
   Definitions
      At line 33 in file startup_MDR32F9x.s
   Uses
      At line 239 in file startup_MDR32F9x.s
      At line 241 in file startup_MDR32F9x.s

__initial_sp 00000400

Symbol: __initial_sp
   Definitions
      At line 34 in file startup_MDR32F9x.s
   Uses
      At line 58 in file startup_MDR32F9x.s
Comment: __initial_sp used once
3 symbols



ARM Macro Assembler    Page 1 Alphabetic symbol ordering
Relocatable symbols

HEAP 00000000

Symbol: HEAP
   Definitions
      At line 43 in file startup_MDR32F9x.s
   Uses
      None
Comment: HEAP unused
Heap_Mem 00000000

Symbol: Heap_Mem
   Definitions
      At line 45 in file startup_MDR32F9x.s
   Uses
      At line 238 in file startup_MDR32F9x.s
      At line 240 in file startup_MDR32F9x.s

__heap_base 00000000

Symbol: __heap_base
   Definitions
      At line 44 in file startup_MDR32F9x.s
   Uses
      None
Comment: __heap_base unused
__heap_limit 00000200

Symbol: __heap_limit
   Definitions
      At line 46 in file startup_MDR32F9x.s
   Uses
      None
Comment: __heap_limit unused
4 symbols



ARM Macro Assembler    Page 1 Alphabetic symbol ordering
Relocatable symbols

RESET 00000000

Symbol: RESET
   Definitions
      At line 53 in file startup_MDR32F9x.s
   Uses
      None
Comment: RESET unused
__Vectors 00000000

Symbol: __Vectors
   Definitions
      At line 58 in file startup_MDR32F9x.s
   Uses
      At line 54 in file startup_MDR32F9x.s
      At line 110 in file startup_MDR32F9x.s

__Vectors_End 000000C0

Symbol: __Vectors_End
   Definitions
      At line 108 in file startup_MDR32F9x.s
   Uses
      At line 55 in file startup_MDR32F9x.s
      At line 110 in file startup_MDR32F9x.s

3 symbols



ARM Macro Assembler    Page 1 Alphabetic symbol ordering
Relocatable symbols

.text 00000000

Symbol: .text
   Definitions
      At line 112 in file startup_MDR32F9x.s
   Uses
      None
Comment: .text unused
ADC_IRQHandler 0000001A

Symbol: ADC_IRQHandler
   Definitions
      At line 207 in file startup_MDR32F9x.s
   Uses
      At line 93 in file startup_MDR32F9x.s
      At line 185 in file startup_MDR32F9x.s

BACKUP_IRQHandler 0000001A

Symbol: BACKUP_IRQHandler
   Definitions
      At line 210 in file startup_MDR32F9x.s
   Uses
      At line 103 in file startup_MDR32F9x.s
      At line 188 in file startup_MDR32F9x.s

BusFault_Handler 0000000E

Symbol: BusFault_Handler
   Definitions
      At line 142 in file startup_MDR32F9x.s
   Uses
      At line 63 in file startup_MDR32F9x.s
      At line 143 in file startup_MDR32F9x.s

CAN1_IRQHandler 0000001A

Symbol: CAN1_IRQHandler
   Definitions
      At line 194 in file startup_MDR32F9x.s
   Uses
      At line 76 in file startup_MDR32F9x.s
      At line 172 in file startup_MDR32F9x.s

CAN2_IRQHandler 0000001A

Symbol: CAN2_IRQHandler
   Definitions
      At line 195 in file startup_MDR32F9x.s
   Uses
      At line 77 in file startup_MDR32F9x.s
      At line 173 in file startup_MDR32F9x.s

COMPARATOR_IRQHandler 0000001A

Symbol: COMPARATOR_IRQHandler
   Definitions
      At line 208 in file startup_MDR32F9x.s
   Uses



ARM Macro Assembler    Page 2 Alphabetic symbol ordering
Relocatable symbols

      At line 95 in file startup_MDR32F9x.s
      At line 186 in file startup_MDR32F9x.s

DMA_IRQHandler 0000001A

Symbol: DMA_IRQHandler
   Definitions
      At line 197 in file startup_MDR32F9x.s
   Uses
      At line 81 in file startup_MDR32F9x.s
      At line 175 in file startup_MDR32F9x.s

DebugMon_Handler 00000014

Symbol: DebugMon_Handler
   Definitions
      At line 156 in file startup_MDR32F9x.s
   Uses
      At line 70 in file startup_MDR32F9x.s
      At line 157 in file startup_MDR32F9x.s

Default_Handler 0000001A

Symbol: Default_Handler
   Definitions
      At line 169 in file startup_MDR32F9x.s
   Uses
      None
Comment: Default_Handler unused
EXT_INT1_IRQHandler 0000001A

Symbol: EXT_INT1_IRQHandler
   Definitions
      At line 211 in file startup_MDR32F9x.s
   Uses
      At line 104 in file startup_MDR32F9x.s
      At line 189 in file startup_MDR32F9x.s

EXT_INT2_IRQHandler 0000001A

Symbol: EXT_INT2_IRQHandler
   Definitions
      At line 212 in file startup_MDR32F9x.s
   Uses
      At line 105 in file startup_MDR32F9x.s
      At line 190 in file startup_MDR32F9x.s

EXT_INT3_IRQHandler 0000001A

Symbol: EXT_INT3_IRQHandler
   Definitions
      At line 213 in file startup_MDR32F9x.s
   Uses
      At line 106 in file startup_MDR32F9x.s
      At line 191 in file startup_MDR32F9x.s

EXT_INT4_IRQHandler 0000001A

Symbol: EXT_INT4_IRQHandler



ARM Macro Assembler    Page 3 Alphabetic symbol ordering
Relocatable symbols

   Definitions
      At line 214 in file startup_MDR32F9x.s
   Uses
      At line 107 in file startup_MDR32F9x.s
      At line 192 in file startup_MDR32F9x.s

HardFault_Handler 0000000A

Symbol: HardFault_Handler
   Definitions
      At line 132 in file startup_MDR32F9x.s
   Uses
      At line 61 in file startup_MDR32F9x.s
      At line 133 in file startup_MDR32F9x.s

I2C_IRQHandler 0000001A

Symbol: I2C_IRQHandler
   Definitions
      At line 201 in file startup_MDR32F9x.s
   Uses
      At line 86 in file startup_MDR32F9x.s
      At line 179 in file startup_MDR32F9x.s

MemManage_Handler 0000000C

Symbol: MemManage_Handler
   Definitions
      At line 137 in file startup_MDR32F9x.s
   Uses
      At line 62 in file startup_MDR32F9x.s
      At line 138 in file startup_MDR32F9x.s

NMI_Handler 00000008

Symbol: NMI_Handler
   Definitions
      At line 127 in file startup_MDR32F9x.s
   Uses
      At line 60 in file startup_MDR32F9x.s
      At line 128 in file startup_MDR32F9x.s

POWER_IRQHandler 0000001A

Symbol: POWER_IRQHandler
   Definitions
      At line 202 in file startup_MDR32F9x.s
   Uses
      At line 87 in file startup_MDR32F9x.s
      At line 180 in file startup_MDR32F9x.s

PendSV_Handler 00000016

Symbol: PendSV_Handler
   Definitions
      At line 160 in file startup_MDR32F9x.s
   Uses
      At line 72 in file startup_MDR32F9x.s
      At line 161 in file startup_MDR32F9x.s



ARM Macro Assembler    Page 4 Alphabetic symbol ordering
Relocatable symbols


Reset_Handler 00000000

Symbol: Reset_Handler
   Definitions
      At line 115 in file startup_MDR32F9x.s
   Uses
      At line 59 in file startup_MDR32F9x.s
      At line 116 in file startup_MDR32F9x.s

SSP1_IRQHandler 0000001A

Symbol: SSP1_IRQHandler
   Definitions
      At line 200 in file startup_MDR32F9x.s
   Uses
      At line 84 in file startup_MDR32F9x.s
      At line 178 in file startup_MDR32F9x.s

SSP2_IRQHandler 0000001A

Symbol: SSP2_IRQHandler
   Definitions
      At line 209 in file startup_MDR32F9x.s
   Uses
      At line 96 in file startup_MDR32F9x.s
      At line 187 in file startup_MDR32F9x.s

SVC_Handler 00000012

Symbol: SVC_Handler
   Definitions
      At line 151 in file startup_MDR32F9x.s
   Uses
      At line 69 in file startup_MDR32F9x.s
      At line 152 in file startup_MDR32F9x.s

SysTick_Handler 00000018

Symbol: SysTick_Handler
   Definitions
      At line 164 in file startup_MDR32F9x.s
   Uses
      At line 73 in file startup_MDR32F9x.s
      At line 165 in file startup_MDR32F9x.s

Timer1_IRQHandler 0000001A

Symbol: Timer1_IRQHandler
   Definitions
      At line 204 in file startup_MDR32F9x.s
   Uses
      At line 90 in file startup_MDR32F9x.s
      At line 182 in file startup_MDR32F9x.s

Timer2_IRQHandler 0000001A

Symbol: Timer2_IRQHandler
   Definitions



ARM Macro Assembler    Page 5 Alphabetic symbol ordering
Relocatable symbols

      At line 205 in file startup_MDR32F9x.s
   Uses
      At line 91 in file startup_MDR32F9x.s
      At line 183 in file startup_MDR32F9x.s

Timer3_IRQHandler 0000001A

Symbol: Timer3_IRQHandler
   Definitions
      At line 206 in file startup_MDR32F9x.s
   Uses
      At line 92 in file startup_MDR32F9x.s
      At line 184 in file startup_MDR32F9x.s

UART1_IRQHandler 0000001A

Symbol: UART1_IRQHandler
   Definitions
      At line 198 in file startup_MDR32F9x.s
   Uses
      At line 82 in file startup_MDR32F9x.s
      At line 176 in file startup_MDR32F9x.s

UART2_IRQHandler 0000001A

Symbol: UART2_IRQHandler
   Definitions
      At line 199 in file startup_MDR32F9x.s
   Uses
      At line 83 in file startup_MDR32F9x.s
      At line 177 in file startup_MDR32F9x.s

USB_IRQHandler 0000001A

Symbol: USB_IRQHandler
   Definitions
      At line 196 in file startup_MDR32F9x.s
   Uses
      At line 78 in file startup_MDR32F9x.s
      At line 174 in file startup_MDR32F9x.s

UsageFault_Handler 00000010

Symbol: UsageFault_Handler
   Definitions
      At line 147 in file startup_MDR32F9x.s
   Uses
      At line 64 in file startup_MDR32F9x.s
      At line 148 in file startup_MDR32F9x.s

WWDG_IRQHandler 0000001A

Symbol: WWDG_IRQHandler
   Definitions
      At line 203 in file startup_MDR32F9x.s
   Uses
      At line 88 in file startup_MDR32F9x.s
      At line 181 in file startup_MDR32F9x.s




ARM Macro Assembler    Page 6 Alphabetic symbol ordering
Relocatable symbols

__user_initial_stackheap 0000001C

Symbol: __user_initial_stackheap
   Definitions
      At line 236 in file startup_MDR32F9x.s
   Uses
      At line 234 in file startup_MDR32F9x.s
Comment: __user_initial_stackheap used once
34 symbols



ARM Macro Assembler    Page 1 Alphabetic symbol ordering
Absolute symbols

Heap_Size 00000200

Symbol: Heap_Size
   Definitions
      At line 41 in file startup_MDR32F9x.s
   Uses
      At line 45 in file startup_MDR32F9x.s
      At line 240 in file startup_MDR32F9x.s

Stack_Size 00000400

Symbol: Stack_Size
   Definitions
      At line 30 in file startup_MDR32F9x.s
   Uses
      At line 33 in file startup_MDR32F9x.s
      At line 239 in file startup_MDR32F9x.s

__Vectors_Size 000000C0

Symbol: __Vectors_Size
   Definitions
      At line 110 in file startup_MDR32F9x.s
   Uses
      At line 56 in file startup_MDR32F9x.s
Comment: __Vectors_Size used once
3 symbols



ARM Macro Assembler    Page 1 Alphabetic symbol ordering
External symbols

SystemInit 00000000

Symbol: SystemInit
   Definitions
      At line 117 in file startup_MDR32F9x.s
   Uses
      At line 119 in file startup_MDR32F9x.s
Comment: SystemInit used once
__main 00000000

Symbol: __main
   Definitions
      At line 118 in file startup_MDR32F9x.s
   Uses
      At line 121 in file startup_MDR32F9x.s
Comment: __main used once
__use_two_region_memory 00000000

Symbol: __use_two_region_memory
   Definitions
      At line 233 in file startup_MDR32F9x.s
   Uses
      None
Comment: __use_two_region_memory unused
3 symbols
385 symbols in table
