*******************************************************************************
*                                                                             *
*                 ARM C CROSS COMPILER Version 1.03.121111                    *
*                      Copyright (C) 2009 Phyton, Inc.                        *
*                                                                             *
*******************************************************************************

Warning[C146] ..\src\Menu_technology.c(169,0): 'LineD' is assigned a value which is never used in function 'TechnologyText'
                      LDM??T:
;FILE: ..\src\Menu_technology.c
;000136    void LDM(void)
00000000    B500                       	PUSH            {R14} 
;000138      TechnologyText(0);
00000002    2000                       	MOVS            R0,#0
00000004    F810F000                   	BLF             TechnologyText??T
;000139    }
00000008    BD00                       	POP             {R15} 
.ENDF
                   MILAND??T:
;000141    void MILAND(void)
0000000A    B500                       	PUSH            {R14} 
;000143      TechnologyText(1);
0000000C    2001                       	MOVS            R0,#1
0000000E    F80BF000                   	BLF             TechnologyText??T
;000144    }
00000012    BD00                       	POP             {R15} 
.ENDF
                     MELT??T:
;000146    void MELT(void)
00000014    B500                       	PUSH            {R14} 
;000148      TechnologyText(2);
00000016    2002                       	MOVS            R0,#2
00000018    F806F000                   	BLF             TechnologyText??T
;000149    }
0000001C    BD00                       	POP             {R15} 
.ENDF
                   PHYTON??T:
;000151    void PHYTON(void)
0000001E    B500                       	PUSH            {R14} 
;000153      TechnologyText(3);
00000020    2003                       	MOVS            R0,#3
00000022    F801F000                   	BLF             TechnologyText??T
;000154    }
00000026    BD00                       	POP             {R15} 
.ENDF
           TechnologyText??T:
;000158    void TechnologyText(u32 nam){
00000028    B5F0                       	PUSH            {R4-R7,R14} 
0000002A    4607                       	MOV             R7,R0
;000162        if(LongMasLDM[nam] > 8)
0000002C    492B                       	LDR             R1,?lr0000	; LongMasLDM-2
0000002E    4408                       	ADD             R0,R1
00000030    7881                       	LDRB            R1,[R0,#2]
00000032    2909                       	CMP             R1,#9
00000034    BF26                       	ITTE            CS
;000163        {
;000164          LineD = 8;
;000165          LinS = LongMasLDM[nam] - LineD;
00000036    7886                       	LDRBCS          LinS?TechnologyText,[R0,#2]
00000038    3E08                       	SUBCS           LinS?TechnologyText,#8
;000166        }
;000168        {
;000169          LineD = LongMasLDM[nam];
;000170          LinS = 0;
0000003A    2600                       	MOVCC           LinS?TechnologyText,#0
;000171        }
;000174        LCD_CLS();
0000003C    FFE0F7FF                   	BLF             LCD_CLS
;000175        CurrentMethod = MET_AND;
00000040    2104                       	MOVS            R1,#4
00000042    4827                       	LDR             R0,?lr0001	; CurrentMethod
00000044    6001                       	STR             R1,[R0,#0]
;000176        WAIT_UNTIL_KEY_RELEASED(SEL);
                     ??_2_DO:
00000046    FFDBF7FF                   	BLF             GetKey
0000004A    2801                       	CMP             R0,#1
0000004C    D0FB                       	BEQ.N           ??_2_DO
;000179        for (top_ind = 0, key = NOKEY; key != SEL; ){
0000004E    2400                       	MOVS            top_ind?TechnologyText,#0
                   ??_3_LOOP:
;000181            for (i = 0; i < LongMasLDM[nam]; i++)
00000050    2500                       	MOVS            i?TechnologyText,#0
00000052    E023                       	B.N             ??_4_CHECK
                   ??_4_LOOP:
;000182            {
;000183              switch (nam)
00000054    2F01                       	CMP             nam?TechnologyText,#1
00000056    D008                       	BEQ.N           ??_5_CASE_1
00000058    2F02                       	CMP             nam?TechnologyText,#2
0000005A    D00D                       	BEQ.N           ??_5_CASE_2
0000005C    2F03                       	CMP             nam?TechnologyText,#3
0000005E    D00F                       	BEQ.N           ??_5_CASE_3
00000060    B9DF                       	CBNZ            nam?TechnologyText,??_5_BREAK
;000184              {
;000186                  LCD_PUTS(0, (CurrentFont->Height) * i, BookLDM[top_ind + i]);
00000062    1960                       	ADDS            R0,top_ind?TechnologyText,i?TechnologyText
00000064    2216                       	MOVS            R2,#22
00000066    491F                       	LDR             R1,?lr0002	; BookLDM
;000187                break;
00000068    E00D                       	B.N             ??_11_COMMON
                 ??_5_CASE_1:
;000189                  LCD_PUTS(0, (CurrentFont->Height) * i, BookMILAND[top_ind + i]);
0000006A    1960                       	ADDS            R0,top_ind?TechnologyText,i?TechnologyText
0000006C    2216                       	MOVS            R2,#22
0000006E    491F                       	LDR             R1,?lr0004	; BookMELT
00000070    1202FB00                   	MLA             R2,R0,R2,R1
00000074    32DC                       	ADDS            R2,#0DCh
;000190                break;
00000076    E008                       	B.N             ??_12_COMMON
                 ??_5_CASE_2:
;000192                  LCD_PUTS(0, (CurrentFont->Height) * i, BookMELT[top_ind + i]);
00000078    1960                       	ADDS            R0,top_ind?TechnologyText,i?TechnologyText
0000007A    2216                       	MOVS            R2,#22
0000007C    491B                       	LDR             R1,?lr0004	; BookMELT
;000193                break;
0000007E    E002                       	B.N             ??_13_COMMON
                 ??_5_CASE_3:
;000195                  LCD_PUTS(0, (CurrentFont->Height) * i, BookPHYTON[top_ind + i]);
00000080    1960                       	ADDS            R0,top_ind?TechnologyText,i?TechnologyText
00000082    2216                       	MOVS            R2,#22
00000084    491A                       	LDR             R1,?lr0005	; BookPHYTON
                ??_11_COMMON:
                ??_13_COMMON:
00000086    1202FB00                   	MLA             R2,R0,R2,R1
                ??_12_COMMON:
0000008A    4817                       	LDR             R0,?lr0003	; CurrentFont
0000008C    6801                       	LDR             R1,[R0,#0]
0000008E    7808                       	LDRB            R0,[R1,#0]
00000090    4368                       	MULS            R0,i?TechnologyText
00000092    B2C1                       	UXTB            R1,R0
00000094    2000                       	MOVS            R0,#0
00000096    FFB3F7FF                   	BLF             LCD_PUTS
;000196                break;
;000197              }
                  ??_5_BREAK:
;000198            }
0000009A    1C6D                       	ADDS            i?TechnologyText,i?TechnologyText,#1
                  ??_4_CHECK:
0000009C    490F                       	LDR             R1,?lr0000	; LongMasLDM-2
0000009E    1878                       	ADDS            R0,nam?TechnologyText,R1
000000A0    7880                       	LDRB            R0,[R0,#2]
000000A2    4285                       	CMP             i?TechnologyText,R0
000000A4    D3D6                       	BCC.N           ??_4_LOOP
;000199            WAIT_UNTIL_ANY_KEY;
                     ??_6_DO:
000000A6    FFABF7FF                   	BLF             GetKey
000000AA    2800                       	CMP             R0,#0
000000AC    D0FB                       	BEQ.N           ??_6_DO
;000202            key = GetKey();
000000AE    FFA7F7FF                   	BLF             GetKey
000000B2    4605                       	MOV             key?TechnologyText,R0
;000203            switch (key) {
000000B4    2805                       	CMP             R0,#5
000000B6    D004                       	BEQ.N           ??_7_CASE_5
000000B8    2D04                       	CMP             key?TechnologyText,#4
000000BA    D105                       	BNE.N           ??_7_BREAK
;000206                    if (top_ind > 0)
000000BC    B124                       	CBZ             top_ind?TechnologyText,??_7_BREAK
;000207                        top_ind--;
000000BE    1E64                       	SUBS            top_ind?TechnologyText,top_ind?TechnologyText,#1
;000208                    break;
000000C0    E002                       	B.N             ??_7_BREAK
                 ??_7_CASE_5:
;000211                    if (top_ind < LinS)
000000C2    42B4                       	CMP             top_ind?TechnologyText,LinS?TechnologyText
000000C4    D200                       	BCS.N           ??_9_ELSE
;000212                        top_ind++;
000000C6    1C64                       	ADDS            top_ind?TechnologyText,top_ind?TechnologyText,#1
                   ??_9_ELSE:
;000213                    break;
;000214        }
                  ??_7_BREAK:
;000215      }
000000C8    2D01                       	CMP             key?TechnologyText,#1
000000CA    D1C1                       	BNE.N           ??_3_LOOP
;000218      WAIT_UNTIL_KEY_RELEASED(key);
                    ??_10_DO:
000000CC    FF98F7FF                   	BLF             GetKey
000000D0    42A8                       	CMP             R0,key?TechnologyText
000000D2    D0FB                       	BEQ.N           ??_10_DO
;000219      DisplayMenu();
000000D4    FF94F7FF                   	BLF             DisplayMenu
;000220    }
000000D8    BDF0                       	POP             {R4-R7,R15} 

.ALIGN	2
000000DC    00000594	?lr0000	.DCD	LongMasLDM-2	; used 2 time(s)
000000E0    00000000	?lr0001	.DCD	CurrentMethod	; used 1 time(s)
000000E4    00000000	?lr0002	.DCD	BookLDM	; used 1 time(s)
000000E8    00000000	?lr0003	.DCD	CurrentFont	; used 1 time(s)
000000EC    000001A2	?lr0004	.DCD	BookMELT	; used 2 time(s)
000000F0    0000039C	?lr0005	.DCD	BookPHYTON	; used 1 time(s)

.ENDF

..\src\Menu_technology.c: 244 byte(s), 5803 line(s), 0 error(s), 1 warning(s)

