*******************************************************************************
*                                                                             *
*                 ARM C CROSS COMPILER Version 1.03.121111                    *
*                      Copyright (C) 2009 Phyton, Inc.                        *
*                                                                             *
*******************************************************************************

                 FontFunc??T:
;FILE: ..\src\Menu_text.c
;000027    void FontFunc(void) {
00000000    B530                       	PUSH            {R4,R5,R14} 
;000028        FONT *OldFont = CurrentFont;
00000002    4C93                       	LDR             R4,?lr0000	; CurrentFont
00000004    6825                       	LDR             OldFont?FontFunc,[R4,#0]
;000031        LCD_CLS();
00000006    FFFBF7FF                   	BLF             LCD_CLS
;000032        CurrentMethod = MET_AND;
0000000A    2104                       	MOVS            R1,#4
0000000C    4891                       	LDR             R0,?lr0001	; CurrentMethod
0000000E    6001                       	STR             R1,[R0,#0]
;000033        CurrentFont = &Font_6x8;
00000010    4843                       	LDR             R0,?lr0002	; Font_6x8
00000012    6020                       	STR             R0,[R4,#0]
;000034        DisplayMenuTitle("Примеры шрифтов");
00000014    4814                       	LDR             R0,?lr0003	; ?lit00000
00000016    FFF3F7FF                   	BLF             DisplayMenuTitle
;000035        WAIT_UNTIL_KEY_RELEASED(SEL);
                     ??_1_DO:
0000001A    FFF1F7FF                   	BLF             GetKey
0000001E    2801                       	CMP             R0,#1
00000020    D0FB                       	BEQ.N           ??_1_DO
;000038        LCD_PUTS(0, 12, "Шрифт6X8");
00000022    4A11                       	LDR             R2,?lr0003	; ?lit00000
00000024    3210                       	ADDS            R2,#16
00000026    2000                       	MOVS            R0,#0
00000028    210C                       	MOVS            R1,#12
0000002A    FFE9F7FF                   	BLF             LCD_PUTS
;000042        CurrentFont = &Font_12x16;
0000002E    480F                       	LDR             R0,?lr0004	; Font_12x16
00000030    6020                       	STR             R0,[R4,#0]
;000043        LCD_PUTS(0, 22, "Шрифт12X16");
00000032    4A0D                       	LDR             R2,?lr0003	; ?lit00000
00000034    3219                       	ADDS            R2,#25
00000036    2000                       	MOVS            R0,#0
00000038    2116                       	MOVS            R1,#22
0000003A    FFE1F7FF                   	BLF             LCD_PUTS
;000045        CurrentFont = &Font_7x10_thin;
0000003E    480C                       	LDR             R0,?lr0005	; Font_7x10_thin
00000040    6020                       	STR             R0,[R4,#0]
;000046        LCD_PUTS(0, 40, "Шрифт7X10");
00000042    4A09                       	LDR             R2,?lr0003	; ?lit00000
00000044    3224                       	ADDS            R2,#36
00000046    2000                       	MOVS            R0,#0
00000048    2128                       	MOVS            R1,#40
0000004A    FFD9F7FF                   	BLF             LCD_PUTS
;000048        CurrentFont = &Font_7x10_bold;
0000004E    4809                       	LDR             R0,?lr0006	; Font_7x10_bold
00000050    6020                       	STR             R0,[R4,#0]
;000049        LCD_PUTS(0, 52, "Шрифт7X10 жирный");
00000052    4A05                       	LDR             R2,?lr0003	; ?lit00000
00000054    322E                       	ADDS            R2,#46
00000056    2000                       	MOVS            R0,#0
00000058    2134                       	MOVS            R1,#52
0000005A    FFD1F7FF                   	BLF             LCD_PUTS
;000054        CurrentFont = OldFont;
0000005E    6025                       	STR             OldFont?FontFunc,[R4,#0]
;000055        BackToMenuOnSel();
00000060    FFCEF7FF                   	BLF             BackToMenuOnSel
;000056    }
00000064    BD30                       	POP             {R4,R5,R15} 

.ALIGN	2
00000068    00000000	?lr0003	.DCD	?lit00000	; used 5 time(s)
0000006C    00000000	?lr0004	.DCD	Font_12x16	; used 1 time(s)
00000070    00000000	?lr0005	.DCD	Font_7x10_thin	; used 1 time(s)
00000074    00000000	?lr0006	.DCD	Font_7x10_bold	; used 1 time(s)

.ENDF
                StyleFunc??T:
;000059    void StyleFunc(void) {
00000078    B530                       	PUSH            {R4,R5,R14} 
;000060        FONT *OldFont = CurrentFont;
0000007A    4C75                       	LDR             R4,?lr0000	; CurrentFont
0000007C    6825                       	LDR             OldFont?StyleFunc,[R4,#0]
;000063        LCD_CLS();
0000007E    FFBFF7FF                   	BLF             LCD_CLS
;000064        CurrentMethod = MET_AND;
00000082    2104                       	MOVS            R1,#4
00000084    4873                       	LDR             R0,?lr0001	; CurrentMethod
00000086    6001                       	STR             R1,[R0,#0]
;000065        CurrentFont = &Font_6x8;
00000088    4825                       	LDR             R0,?lr0002	; Font_6x8
0000008A    6020                       	STR             R0,[R4,#0]
;000066        DisplayMenuTitle("Примеры стилей");
0000008C    4815                       	LDR             R0,?lr0007	; ?lit00005
0000008E    FFB7F7FF                   	BLF             DisplayMenuTitle
;000067        WAIT_UNTIL_KEY_RELEASED(SEL);
                     ??_2_DO:
00000092    FFB5F7FF                   	BLF             GetKey
00000096    2801                       	CMP             R0,#1
00000098    D0FB                       	BEQ.N           ??_2_DO
;000070        do {
                   ??_3_LOOP:
;000071            LCD_PUTS_Ex(0, 12, "Мерцающий", StyleBlink);
0000009A    4A12                       	LDR             R2,?lr0007	; ?lit00005
0000009C    320F                       	ADDS            R2,#15
0000009E    2000                       	MOVS            R0,#0
000000A0    210C                       	MOVS            R1,#12
000000A2    2301                       	MOVS            R3,#1
000000A4    FFACF7FF                   	BLF             LCD_PUTS_Ex
;000072            if (KEY_PRESSED(SEL)) break;
000000A8    FFAAF7FF                   	BLF             GetKey
000000AC    2801                       	CMP             R0,#1
000000AE    D015                       	BEQ.N           ??_3_BREAK
;000073            LCD_PUTS_Ex(0, 32, "Переменный", StyleFlipFlop);
000000B0    4A0C                       	LDR             R2,?lr0007	; ?lit00005
000000B2    3219                       	ADDS            R2,#25
000000B4    2000                       	MOVS            R0,#0
000000B6    2120                       	MOVS            R1,#32
000000B8    2302                       	MOVS            R3,#2
000000BA    FFA1F7FF                   	BLF             LCD_PUTS_Ex
;000074            if (KEY_PRESSED(SEL)) break;
000000BE    FF9FF7FF                   	BLF             GetKey
000000C2    2801                       	CMP             R0,#1
000000C4    D00A                       	BEQ.N           ??_3_BREAK
;000075            LCD_PUTS_Ex(0, 52, "Дрожащий", StyleVibratory);
000000C6    4A07                       	LDR             R2,?lr0007	; ?lit00005
000000C8    3224                       	ADDS            R2,#36
000000CA    2000                       	MOVS            R0,#0
000000CC    2134                       	MOVS            R1,#52
000000CE    2303                       	MOVS            R3,#3
000000D0    FF96F7FF                   	BLF             LCD_PUTS_Ex
;000076        } while (!KEY_PRESSED(SEL));
000000D4    FF94F7FF                   	BLF             GetKey
000000D8    2801                       	CMP             R0,#1
000000DA    D1DE                       	BNE.N           ??_3_LOOP
                  ??_3_BREAK:
;000079        CurrentFont = OldFont;
000000DC    6025                       	STR             OldFont?StyleFunc,[R4,#0]
;000080        DisplayMenu();
000000DE    FF8FF7FF                   	BLF             DisplayMenu
;000081    }
000000E2    BD30                       	POP             {R4,R5,R15} 

000000E4    0000003F	?lr0007	.DCD	?lit00005	; used 4 time(s)

.ENDF
                ShiftFunc??T:
;000084    void ShiftFunc(void) {
000000E8    B530                       	PUSH            {R4,R5,R14} 
;000085        FONT *OldFont = CurrentFont;
000000EA    4C59                       	LDR             R4,?lr0000	; CurrentFont
000000EC    6825                       	LDR             OldFont?ShiftFunc,[R4,#0]
;000088        LCD_CLS();
000000EE    FF87F7FF                   	BLF             LCD_CLS
;000089        CurrentMethod = MET_AND;
000000F2    2104                       	MOVS            R1,#4
000000F4    4857                       	LDR             R0,?lr0001	; CurrentMethod
000000F6    6001                       	STR             R1,[R0,#0]
;000090        CurrentFont = &Font_6x8;
000000F8    4809                       	LDR             R0,?lr0002	; Font_6x8
000000FA    6020                       	STR             R0,[R4,#0]
;000091        DisplayMenuTitle("Бегущая строка");
000000FC    4807                       	LDR             R0,?lr0008	; ?lit00009
000000FE    FF7FF7FF                   	BLF             DisplayMenuTitle
;000092        WAIT_UNTIL_KEY_RELEASED(SEL);
                     ??_6_DO:
00000102    FF7DF7FF                   	BLF             GetKey
00000106    2801                       	CMP             R0,#1
00000108    D0FB                       	BEQ.N           ??_6_DO
;000095        do {
                   ??_7_LOOP:
;000097        } while (!KEY_PRESSED(SEL));
0000010A    FF79F7FF                   	BLF             GetKey
0000010E    2801                       	CMP             R0,#1
00000110    D1FB                       	BNE.N           ??_7_LOOP
;000100        CurrentFont = OldFont;
00000112    6025                       	STR             OldFont?ShiftFunc,[R4,#0]
;000101        DisplayMenu();
00000114    FF74F7FF                   	BLF             DisplayMenu
;000102    }
00000118    BD30                       	POP             {R4,R5,R15} 

.ALIGN	2
0000011C    0000006C	?lr0008	.DCD	?lit00009	; used 1 time(s)
00000120    00000000	?lr0002	.DCD	Font_6x8	; used 3 time(s)

.ENDF
                 BookFunc??T:
;000118    void BookFunc(void){
00000124    B5F0                       	PUSH            {R4-R7,R14} 
;000122        if(LongMasBook > 8)
00000126    4820                       	LDR             R0,?lr0009	; LongMasBook
00000128    7801                       	LDRB            R1,[R0,#0]
0000012A    2909                       	CMP             R1,#9
0000012C    D303                       	BCC.N           ??_8_ELSE
;000123        {
;000124          LineD = 8;
0000012E    2708                       	MOVS            LineD?BookFunc,#8
;000125          LinS = LongMasBook - LineD;
00000130    7806                       	LDRB            LinS?BookFunc,[R0,#0]
00000132    3E08                       	SUBS            LinS?BookFunc,#8
;000126        }
00000134    E001                       	B.N             ??_8_END
                   ??_8_ELSE:
;000128        {
;000129          LineD = LongMasBook;
00000136    7807                       	LDRB            LineD?BookFunc,[R0,#0]
;000130          LinS = 0;
00000138    2600                       	MOVS            LinS?BookFunc,#0
;000131        }
                    ??_8_END:
;000134        LCD_CLS();
0000013A    FF61F7FF                   	BLF             LCD_CLS
;000135        CurrentMethod = MET_AND;
0000013E    2104                       	MOVS            R1,#4
00000140    4844                       	LDR             R0,?lr0001	; CurrentMethod
00000142    6001                       	STR             R1,[R0,#0]
;000136        WAIT_UNTIL_KEY_RELEASED(SEL);
                     ??_9_DO:
00000144    FF5CF7FF                   	BLF             GetKey
00000148    2801                       	CMP             R0,#1
0000014A    D0FB                       	BEQ.N           ??_9_DO
;000139        for (top_ind = 0, key = NOKEY; key != SEL; ){
0000014C    2400                       	MOVS            top_ind?BookFunc,#0
                  ??_10_LOOP:
;000141            for (i = 0; i < LineD; i++)
0000014E    2500                       	MOVS            i?BookFunc,#0
00000150    E00D                       	B.N             ??_11_CHECK
                  ??_11_LOOP:
;000142                LCD_PUTS(0, (CurrentFont->Height) * i, Book[top_ind + i]);
00000152    1960                       	ADDS            R0,top_ind?BookFunc,i?BookFunc
00000154    2216                       	MOVS            R2,#22
00000156    4915                       	LDR             R1,?lr0010	; Book
00000158    1202FB00                   	MLA             R2,R0,R2,R1
0000015C    483C                       	LDR             R0,?lr0000	; CurrentFont
0000015E    6800                       	LDR             R0,[R0,#0]
00000160    7800                       	LDRB            R0,[R0,#0]
00000162    4368                       	MULS            R0,i?BookFunc
00000164    B2C1                       	UXTB            R1,R0
00000166    2000                       	MOVS            R0,#0
00000168    FF4AF7FF                   	BLF             LCD_PUTS
0000016C    1C6D                       	ADDS            i?BookFunc,i?BookFunc,#1
                 ??_11_CHECK:
0000016E    42BD                       	CMP             i?BookFunc,LineD?BookFunc
00000170    D3EF                       	BCC.N           ??_11_LOOP
;000143            WAIT_UNTIL_ANY_KEY;
                    ??_12_DO:
00000172    FF45F7FF                   	BLF             GetKey
00000176    2800                       	CMP             R0,#0
00000178    D0FB                       	BEQ.N           ??_12_DO
;000146            key = GetKey();
0000017A    FF41F7FF                   	BLF             GetKey
0000017E    4605                       	MOV             key?BookFunc,R0
;000147            switch (key) {
00000180    2805                       	CMP             R0,#5
00000182    D004                       	BEQ.N           ??_13_CASE_5
00000184    2D04                       	CMP             key?BookFunc,#4
00000186    D105                       	BNE.N           ??_13_BREAK
;000150                    if (top_ind > 0)
00000188    B124                       	CBZ             top_ind?BookFunc,??_13_BREAK
;000151                        top_ind--;
0000018A    1E64                       	SUBS            top_ind?BookFunc,top_ind?BookFunc,#1
;000152                    break;
0000018C    E002                       	B.N             ??_13_BREAK
                ??_13_CASE_5:
;000155                    if (top_ind < LinS)
0000018E    42B4                       	CMP             top_ind?BookFunc,LinS?BookFunc
00000190    D200                       	BCS.N           ??_15_ELSE
;000156                        top_ind++;
00000192    1C64                       	ADDS            top_ind?BookFunc,top_ind?BookFunc,#1
                  ??_15_ELSE:
;000157                    break;
;000158        }
                 ??_13_BREAK:
;000159      }
00000194    2D01                       	CMP             key?BookFunc,#1
00000196    D1DA                       	BNE.N           ??_10_LOOP
;000162      WAIT_UNTIL_KEY_RELEASED(key);
                    ??_16_DO:
00000198    FF32F7FF                   	BLF             GetKey
0000019C    42A8                       	CMP             R0,key?BookFunc
0000019E    D0FB                       	BEQ.N           ??_16_DO
;000163      DisplayMenu();
000001A0    FF2EF7FF                   	BLF             DisplayMenu
;000164    }
000001A4    BDF0                       	POP             {R4-R7,R15} 

.ALIGN	2
000001A8    000000DC	?lr0009	.DCD	LongMasBook	; used 1 time(s)
000001AC    00000000	?lr0010	.DCD	Book	; used 1 time(s)

.ENDF
                AboutFunc??T:
;000167    void AboutFunc(void) {
000001B0    B570                       	PUSH            {R4-R6,R14} 
;000170        LCD_CLS();
000001B2    FF25F7FF                   	BLF             LCD_CLS
;000171        CurrentMethod = MET_AND;
000001B6    2504                       	MOVS            R5,#4
000001B8    4826                       	LDR             R0,?lr0001	; CurrentMethod
000001BA    6005                       	STR             R5,[R0,#0]
;000173        LCD_PUTS(0, 0,                             "   LDM-K1986BE92QI     ");
000001BC    2000                       	MOVS            R0,#0
000001BE    2100                       	MOVS            R1,#0
000001C0    4A22                       	LDR             R2,?lr0011	; ?lit00010
000001C2    FF1DF7FF                   	BLF             LCD_PUTS
;000174        LCD_PUTS(0, CurrentFont->Height + 1,       "  Отладочная  плата    ");
000001C6    4A21                       	LDR             R2,?lr0011	; ?lit00010
000001C8    3218                       	ADDS            R2,#24
000001CA    4C21                       	LDR             R4,?lr0000	; CurrentFont
000001CC    6820                       	LDR             R0,[R4,#0]
000001CE    7800                       	LDRB            R0,[R0,#0]
000001D0    1C40                       	ADDS            R0,R0,#1
000001D2    B2C1                       	UXTB            R1,R0
000001D4    2000                       	MOVS            R0,#0
000001D6    FF13F7FF                   	BLF             LCD_PUTS
;000175        LCD_PUTS(0, (CurrentFont->Height) * 2 + 2, "                    ");
000001DA    4A1C                       	LDR             R2,?lr0011	; ?lit00010
000001DC    3230                       	ADDS            R2,#48
000001DE    6820                       	LDR             R0,[R4,#0]
000001E0    7800                       	LDRB            R0,[R0,#0]
000001E2    0040                       	LSLS            R0,R0,#1
000001E4    1C80                       	ADDS            R0,R0,#2
000001E6    B2C1                       	UXTB            R1,R0
000001E8    2000                       	MOVS            R0,#0
000001EA    FF09F7FF                   	BLF             LCD_PUTS
;000176        LCD_PUTS(0, (CurrentFont->Height) * 3 + 2, "                    ");
000001EE    4A17                       	LDR             R2,?lr0011	; ?lit00010
000001F0    3230                       	ADDS            R2,#48
000001F2    6820                       	LDR             R0,[R4,#0]
000001F4    7800                       	LDRB            R0,[R0,#0]
000001F6    2303                       	MOVS            R3,#3
000001F8    2102                       	MOVS            R1,#2
000001FA    1003FB00                   	MLA             R0,R0,R3,R1
000001FE    B2C1                       	UXTB            R1,R0
00000200    2000                       	MOVS            R0,#0
00000202    FEFDF7FF                   	BLF             LCD_PUTS
;000177        LCD_PUTS(0, (CurrentFont->Height) * 4 + 3, "  Демо пример  v.1.0 ");
00000206    4A11                       	LDR             R2,?lr0011	; ?lit00010
00000208    3245                       	ADDS            R2,#69
0000020A    6820                       	LDR             R0,[R4,#0]
0000020C    7800                       	LDRB            R0,[R0,#0]
0000020E    0080                       	LSLS            R0,R0,#2
00000210    1CC0                       	ADDS            R0,R0,#3
00000212    B2C1                       	UXTB            R1,R0
00000214    2000                       	MOVS            R0,#0
00000216    FEF3F7FF                   	BLF             LCD_PUTS
;000178        LCD_PUTS(0, (CurrentFont->Height) * 5 + 4, "   LDM-SYSTEMS 2013     ");
0000021A    4A0C                       	LDR             R2,?lr0011	; ?lit00010
0000021C    325B                       	ADDS            R2,#91
0000021E    6820                       	LDR             R0,[R4,#0]
00000220    7800                       	LDRB            R0,[R0,#0]
00000222    2605                       	MOVS            R6,#5
00000224    5006FB00                   	MLA             R0,R0,R6,R5
00000228    B2C1                       	UXTB            R1,R0
0000022A    2000                       	MOVS            R0,#0
0000022C    FEE8F7FF                   	BLF             LCD_PUTS
;000179        LCD_PUTS(0, (CurrentFont->Height) * 6 + 5, "  www.ldm-systems.ru    ");
00000230    4A06                       	LDR             R2,?lr0011	; ?lit00010
00000232    3274                       	ADDS            R2,#116
00000234    6820                       	LDR             R0,[R4,#0]
00000236    7800                       	LDRB            R0,[R0,#0]
00000238    2106                       	MOVS            R1,#6
0000023A    6001FB00                   	MLA             R0,R0,R1,R6
0000023E    B2C1                       	UXTB            R1,R0
00000240    2000                       	MOVS            R0,#0
00000242    FEDDF7FF                   	BLF             LCD_PUTS
;000182        BackToMenuOnSel();
00000246    FEDBF7FF                   	BLF             BackToMenuOnSel
;000183    }
0000024A    BD70                       	POP             {R4-R6,R15} 

0000024C    0000007B	?lr0011	.DCD	?lit00010	; used 7 time(s)
00000250    00000000	?lr0000	.DCD	CurrentFont	; used 5 time(s)
00000254    00000000	?lr0001	.DCD	CurrentMethod	; used 5 time(s)

.ENDF

..\src\Menu_text.c: 600 byte(s), 5770 line(s), 0 error(s), 0 warning(s)

