*******************************************************************************
*                                                                             *
*                 ARM C CROSS COMPILER Version 1.03.121111                    *
*                      Copyright (C) 2009 Phyton, Inc.                        *
*                                                                             *
*******************************************************************************

              InitPortLED??T:
;FILE: ..\src\leds.c
;000029    void InitPortLED(void) {
;000030        PORTB->FUNC &= ~((0xFF << (LED0_OFS << 1)));   /* Port */
00000000    4815                       	LDR             R0,?lr0000	; 400B0000h
00000002    6881                       	LDR             R1,[R0,#8]
00000004    0A09                       	LSRS            R1,R1,#8
00000006    0209                       	LSLS            R1,R1,#8
00000008    6081                       	STR             R1,[R0,#8]
;000031        PORTB->ANALOG |= LEDS_MASK;                    /* Digital */
0000000A    68C1                       	LDR             R1,[R0,#12]
0000000C    010FF041                   	ORR             R1,R1,#15
00000010    60C1                       	STR             R1,[R0,#12]
;000032        PORTB->PWR |= (0b10101010 << (LED0_OFS << 1));       /* Slow */
00000012    6981                       	LDR             R1,[R0,#24]
00000014    01AAF041                   	ORR             R1,R1,#0AAh
00000018    6181                       	STR             R1,[R0,#24]
;000033        PORTB->RXTX &= ~LEDS_MASK;
0000001A    6801                       	LDR             R1,[R0,#0]
0000001C    0909                       	LSRS            R1,R1,#4
0000001E    0109                       	LSLS            R1,R1,#4
00000020    6001                       	STR             R1,[R0,#0]
;000034        PORTB->OE |= LEDS_MASK;
00000022    6841                       	LDR             R1,[R0,#4]
00000024    010FF041                   	ORR             R1,R1,#15
00000028    6041                       	STR             R1,[R0,#4]
;000035    }
0000002A    4770                       	BX              R14
.ENDF
              ShiftLights??T:
;000037    void ShiftLights(void) {
;000039        PORTB->RXTX = (PORTB->RXTX & ~LEDS_MASK) | (CurrentLights & LEDS_MASK);
0000002C    490A                       	LDR             R1,?lr0000	; 400B0000h
0000002E    680A                       	LDR             R2,[R1,#0]
00000030    4808                       	LDR             R0,?lr0001	; CurrentLights
00000032    6803                       	LDR             R3,[R0,#0]
00000034    0203F363                   	BFI             R2,R3,#0,#4
00000038    600A                       	STR             R2,[R1,#0]
;000040        ovf = (CurrentLights & (1UL << 31)) != 0;
0000003A    6801                       	LDR             ovf?ShiftLights,[R0,#0]
0000003C    4100F011                   	ANDS            ovf?ShiftLights,ovf?ShiftLights,#80000000h
00000040    BF14                       	ITE             NE
00000042    2101                       	MOVNE           ovf?ShiftLights,#1
00000044    2100                       	MOVEQ           ovf?ShiftLights,#0
;000041        CurrentLights <<= 1;
00000046    6802                       	LDR             R2,[R0,#0]
00000048    0052                       	LSLS            R2,R2,#1
0000004A    6002                       	STR             R2,[R0,#0]
;000042        CurrentLights |= ovf;
0000004C    4311                       	ORRS            ovf?ShiftLights,R2
0000004E    6001                       	STR             ovf?ShiftLights,[R0,#0]
;000043    }
00000050    4770                       	BX              R14

.ALIGN	2
00000054    00000000	?lr0001	.DCD	CurrentLights	; used 1 time(s)
00000058    400B0000	?lr0000	.DCD	400B0000h	; used 2 time(s)

.ENDF

..\src\leds.c: 92 byte(s), 5652 line(s), 0 error(s), 0 warning(s)

